This is LuaTeX, Version 1.07.0 (TeX Live 2018/W32TeX)  (format=lualatex 2018.11.18)  21 OCT 2020 00:59
 restricted system commands enabled.
**"Ray Tracing Equations.tex"
("./Ray Tracing Equations.tex"
LaTeX2e <2018-04-01> patch level 5
Lua module: luaotfload-main 2018-10-28 2.93 luaotfload entry point
Lua module: luaotfload-init 2018-10-28 2.93 luaotfload submodule / initializatio
n
Lua module: lualibs 2018-10-18 2.61 ConTeXt Lua standard libraries.
Lua module: lualibs-extended 2018-10-18 2.61 ConTeXt Lua libraries -- extended c
ollection.
Lua module: luaotfload-log 2018-10-28 2.93 luaotfload submodule / logging
Lua module: luaotfload-parsers 2018-10-28 2.93 luaotfload submodule / filelist
Lua module: luaotfload-configuration 2018-10-28 2.93 luaotfload submodule / conf
ig file reader
luaotfload | conf : Root cache directory is C:/Program Files/TEX/texlive/2018/te
xmf-var/luatex-cache/generic/names.
luaotfload | init : Loading fontloader “fontloader-2018-10-28.lua” from kpse
-resolved path “c:/Program Files/TEX/texlive/2018/texmf-dist/tex/luatex/luaotf
load/fontloader-2018-10-28.lua”.
Lua-only attribute luaotfload@state = 1
Lua-only attribute luaotfload@noligature = 2
Lua-only attribute luaotfload@syllabe = 3
luaotfload | init : Context OpenType loader version “3.106”
Inserting `luaotfload.node_processor' at position 1 in `pre_linebreak_filter'.
Inserting `luaotfload.node_processor' at position 1 in `hpack_filter'.
Lua module: luaotfload-loaders 2018-10-28 2.93 luaotfload submodule / callback h
andling
Inserting `luaotfload.define_font' at position 1 in `define_font'.
Lua module: luaotfload-database 2018-10-28 2.93 luaotfload submodule / database
Lua module: luaotfload-colors 2018-10-28 2.93 luaotfload submodule / color
Lua-only attribute luaotfload_color_attribute = 4
Lua module: luaotfload-resolvers 2018-10-28 2.93 luaotfload submodule / resolver
s
luaotfload | conf : Root cache directory is C:/Program Files/TEX/texlive/2018/te
xmf-var/luatex-cache/generic/names.
Lua module: luaotfload-features 2018-10-28 2.93 luaotfload submodule / features
Lua module: luaotfload-letterspace 2018-10-28 2.93 luaotfload submodule / color
Lua module: luaotfload-auxiliary 2018-10-28 2.93 luaotfload submodule / auxiliar
y functions
Inserting `luaotfload.aux.set_sscale_dimens' at position 1 in `luaotfload.patch_
font'.
Inserting `luaotfload.aux.patch_cambria_domh' at position 2 in `luaotfload.patch
_font'.
Inserting `luaotfload.aux.fixup_fontdata' at position 1 in `luaotfload.patch_fon
t_unsafe'.
Inserting `luaotfload.aux.set_capheight' at position 3 in `luaotfload.patch_font
'.
Inserting `luaotfload.rewrite_fontname' at position 4 in `luaotfload.patch_font'
.
luaotfload | main : initialization completed in 0.350 seconds
("c:/Program Files/TEX/texlive/2018/texmf-dist/tex/latex/base/article.cls"
Document Class: article 2014/09/29 v1.4h Standard LaTeX document class
("c:/Program Files/TEX/texlive/2018/texmf-dist/tex/latex/base/size11.clo"
File: size11.clo 2014/09/29 v1.4h Standard LaTeX file (size option)
luaotfload | db : Font names database loaded from C:/Program Files/TEX/texlive/2
018/texmf-var/luatex-cache/generic/names/luaotfload-names.luc)
\c@part=\count80
\c@section=\count81
\c@subsection=\count82
\c@subsubsection=\count83
\c@paragraph=\count84
\c@subparagraph=\count85
\c@figure=\count86
\c@table=\count87
\abovecaptionskip=\skip41
\belowcaptionskip=\skip42
\bibindent=\dimen102
)
("c:/Program Files/TEX/texlive/2018/texmf-dist/tex/latex/base/fontenc.sty"
Package: fontenc 2017/04/05 v2.0i Standard LaTeX package

("c:/Program Files/TEX/texlive/2018/texmf-dist/tex/latex/base/t1enc.def"
File: t1enc.def 2017/04/05 v2.0i Standard LaTeX file
LaTeX Font Info:    Redeclaring font encoding T1 on input line 48.
)
LaTeX Font Info:    Try loading font information for T1+lmr on input line 105.

("c:/Program Files/TEX/texlive/2018/texmf-dist/tex/latex/lm/t1lmr.fd"
File: t1lmr.fd 2009/10/30 v1.6 Font defs for Latin Modern
))
("c:/Program Files/TEX/texlive/2018/texmf-dist/tex/latex/base/inputenc.sty"
Package: inputenc 2018/04/06 v1.3b Input encoding file
\inpenc@prehook=\toks14
\inpenc@posthook=\toks15


Package inputenc Warning: inputenc package ignored with utf8 based engines.

) ("c:/Program Files/TEX/texlive/2018/texmf-dist/tex/generic/babel/babel.sty"
Package: babel 2018/11/13 3.27 The Babel package

("c:/Program Files/TEX/texlive/2018/texmf-dist/tex/generic/babel/switch.def"
File: switch.def 2018/11/13 3.27 Babel switching mechanism
)
("c:/Program Files/TEX/texlive/2018/texmf-dist/tex/generic/babel/luababel.def"
\l@dumylang=\language2
Package babel Info: Non-standard hyphenation setup on input line 114.
\l@nohyphenation=\language3
\l@german-x-2018-03-31=\language4
\l@ngerman-x-2018-03-31=\language5
\l@afrikaans=\language6
\l@ancientgreek=\language7
\l@ibycus=\language8
\l@arabic=\language9
\l@armenian=\language10
\l@basque=\language11
\l@belarusian=\language12
\l@bulgarian=\language13
\l@catalan=\language14
\l@pinyin=\language15
\l@churchslavonic=\language16
\l@coptic=\language17
\l@croatian=\language18
\l@czech=\language19
\l@danish=\language20
\l@dutch=\language21
\l@ukenglish=\language22
\l@usenglishmax=\language23
\l@esperanto=\language24
\l@estonian=\language25
\l@ethiopic=\language26
\l@farsi=\language27
\l@finnish=\language28
\l@french=\language29
\l@friulan=\language30
\l@galician=\language31
\l@georgian=\language32
\l@german=\language33
\l@ngerman=\language34
\l@swissgerman=\language35
\l@monogreek=\language36
\l@greek=\language37
\l@hungarian=\language38
\l@icelandic=\language39
\l@assamese=\language40
\l@bengali=\language41
\l@gujarati=\language42
\l@hindi=\language43
\l@kannada=\language44
\l@malayalam=\language45
\l@marathi=\language46
\l@oriya=\language47
\l@panjabi=\language48
\l@pali=\language49
\l@tamil=\language50
\l@telugu=\language51
\l@indonesian=\language52
\l@interlingua=\language53
\l@irish=\language54
\l@italian=\language55
\l@kurmanji=\language56
\l@latin=\language57
\l@classiclatin=\language58
\l@liturgicallatin=\language59
\l@latvian=\language60
\l@lithuanian=\language61
\l@mongolian=\language62
\l@mongolianlmc=\language63
\l@bokmal=\language64
\l@nynorsk=\language65
\l@occitan=\language66
\l@piedmontese=\language67
\l@polish=\language68
\l@portuguese=\language69
\l@romanian=\language70
\l@romansh=\language71
\l@russian=\language72
\l@sanskrit=\language73
\l@serbian=\language74
\l@serbianc=\language75
\l@slovak=\language76
\l@slovenian=\language77
\l@spanish=\language78
\l@swedish=\language79
\l@thai=\language80
\l@turkish=\language81
\l@turkmen=\language82
\l@ukrainian=\language83
\l@uppersorbian=\language84
\l@welsh=\language85
)
("c:/Program Files/TEX/texlive/2018/texmf-dist/tex/generic/babel-english/englis
h.ldf"
Language: english 2017/06/06 v3.3r English support from the babel system

("c:/Program Files/TEX/texlive/2018/texmf-dist/tex/generic/babel/babel.def"
File: babel.def 2018/11/13 3.27 Babel common definitions
\babel@savecnt=\count88
\U@D=\dimen103

("c:/Program Files/TEX/texlive/2018/texmf-dist/tex/generic/babel/luababel.def"))
\l@canadian = a dialect from \language\l@american 
\l@australian = a dialect from \language\l@british 
\l@newzealand = a dialect from \language\l@british 
)
("c:/Program Files/TEX/texlive/2018/texmf-dist/tex/generic/babel-german/ngerman
.ldf"
Language: ngerman 2018/03/29 v2.10 German support for babel (post-1996 orthograp
hy)

("c:/Program Files/TEX/texlive/2018/texmf-dist/tex/generic/babel-german/ngerman
b.ldf"
Language: ngermanb 2018/03/29 v2.10 German support for babel (post-1996 orthogra
phy)
Package babel Info: Making " an active character on input line 121.

("c:/Program Files/TEX/texlive/2018/texmf-dist/tex/generic/hyph-utf8/loadhyph/l
oadhyph-de-1996.tex" UTF-8 German hyphenation patterns (reformed orthography)
("c:/Program Files/TEX/texlive/2018/texmf-dist/tex/generic/hyph-utf8/patterns/t
ex/hyph-de-1996.tex"
German Hyphenation Patterns (Reformed Orthography, 2006) `dehyphn-x' 2018-03-31
 (WL))))))
("c:/Program Files/TEX/texlive/2018/texmf-dist/tex/latex/fontspec/fontspec.sty"

("c:/Program Files/TEX/texlive/2018/texmf-dist/tex/latex/l3packages/xparse/xpar
se.sty"
("c:/Program Files/TEX/texlive/2018/texmf-dist/tex/latex/l3kernel/expl3.sty"
Package: expl3 2018-10-31 L3 programming layer (loader) 

("c:/Program Files/TEX/texlive/2018/texmf-dist/tex/latex/l3kernel/expl3-code.te
x"
Package: expl3 2018-10-31 L3 programming layer (code)
\ucharcat@table=\catcodetable5
\c_max_int=\count89
\l_tmpa_int=\count90
\l_tmpb_int=\count91
\g_tmpa_int=\count92
\g_tmpb_int=\count93
\g__kernel_prg_map_int=\count94
\c_log_iow=\count95
\l_iow_line_count_int=\count96
\l__iow_line_target_int=\count97
\l__iow_one_indent_int=\count98
\l__iow_indent_int=\count99
\c_zero_dim=\dimen104
\c_max_dim=\dimen105
\l_tmpa_dim=\dimen106
\l_tmpb_dim=\dimen107
\g_tmpa_dim=\dimen108
\g_tmpb_dim=\dimen109
\c_zero_skip=\skip43
\c_max_skip=\skip44
\l_tmpa_skip=\skip45
\l_tmpb_skip=\skip46
\g_tmpa_skip=\skip47
\g_tmpb_skip=\skip48
\c_zero_muskip=\muskip10
\c_max_muskip=\muskip11
\l_tmpa_muskip=\muskip12
\l_tmpb_muskip=\muskip13
\g_tmpa_muskip=\muskip14
\g_tmpb_muskip=\muskip15
\l_keys_choice_int=\count100
\l__intarray_loop_int=\count101
\c__intarray_sp_dim=\dimen110
\g__intarray_font_int=\count102
\c__fp_leading_shift_int=\count103
\c__fp_middle_shift_int=\count104
\c__fp_trailing_shift_int=\count105
\c__fp_big_leading_shift_int=\count106
\c__fp_big_middle_shift_int=\count107
\c__fp_big_trailing_shift_int=\count108
\c__fp_Bigg_leading_shift_int=\count109
\c__fp_Bigg_middle_shift_int=\count110
\c__fp_Bigg_trailing_shift_int=\count111
\g__fp_array_int=\count112
\l__fp_array_loop_int=\count113
\l__sort_length_int=\count114
\l__sort_min_int=\count115
\l__sort_top_int=\count116
\l__sort_max_int=\count117
\l__sort_true_max_int=\count118
\l__sort_block_int=\count119
\l__sort_begin_int=\count120
\l__sort_end_int=\count121
\l__sort_A_int=\count122
\l__sort_B_int=\count123
\l__sort_C_int=\count124
\l__tl_analysis_normal_int=\count125
\l__tl_analysis_index_int=\count126
\l__tl_analysis_nesting_int=\count127
\l__tl_analysis_type_int=\count128
\l__regex_internal_a_int=\count129
\l__regex_internal_b_int=\count130
\l__regex_internal_c_int=\count131
\l__regex_balance_int=\count132
\l__regex_group_level_int=\count133
\l__regex_mode_int=\count134
\c__regex_cs_in_class_mode_int=\count135
\c__regex_cs_mode_int=\count136
\l__regex_catcodes_int=\count137
\l__regex_default_catcodes_int=\count138
\c__regex_catcode_L_int=\count139
\c__regex_catcode_O_int=\count140
\c__regex_catcode_A_int=\count141
\c__regex_all_catcodes_int=\count142
\l__regex_show_lines_int=\count143
\l__regex_min_state_int=\count144
\l__regex_max_state_int=\count145
\l__regex_left_state_int=\count146
\l__regex_right_state_int=\count147
\l__regex_capturing_group_int=\count148
\l__regex_min_pos_int=\count149
\l__regex_max_pos_int=\count150
\l__regex_curr_pos_int=\count151
\l__regex_start_pos_int=\count152
\l__regex_success_pos_int=\count153
\l__regex_curr_char_int=\count154
\l__regex_curr_catcode_int=\count155
\l__regex_last_char_int=\count156
\l__regex_case_changed_char_int=\count157
\l__regex_curr_state_int=\count158
\l__regex_step_int=\count159
\l__regex_min_active_int=\count160
\l__regex_max_active_int=\count161
\l__regex_replacement_csnames_int=\count162
\l__regex_match_count_int=\count163
\l__regex_min_submatch_int=\count164
\l__regex_submatch_int=\count165
\l__regex_zeroth_submatch_int=\count166
\g__regex_trace_regex_int=\count167
\c_empty_box=\box26
\l_tmpa_box=\box27
\l_tmpb_box=\box28
\g_tmpa_box=\box29
\g_tmpb_box=\box30
\l__box_top_dim=\dimen111
\l__box_bottom_dim=\dimen112
\l__box_left_dim=\dimen113
\l__box_right_dim=\dimen114
\l__box_top_new_dim=\dimen115
\l__box_bottom_new_dim=\dimen116
\l__box_left_new_dim=\dimen117
\l__box_right_new_dim=\dimen118
\l__box_internal_box=\box31
\l__coffin_internal_box=\box32
\l__coffin_internal_dim=\dimen119
\l__coffin_offset_x_dim=\dimen120
\l__coffin_offset_y_dim=\dimen121
\l__coffin_x_dim=\dimen122
\l__coffin_y_dim=\dimen123
\l__coffin_x_prime_dim=\dimen124
\l__coffin_y_prime_dim=\dimen125
\c_empty_coffin=\box33
\l__coffin_aligned_coffin=\box34
\l__coffin_aligned_internal_coffin=\box35
\l_tmpa_coffin=\box36
\l_tmpb_coffin=\box37
\l__coffin_display_coffin=\box38
\l__coffin_display_coord_coffin=\box39
\l__coffin_display_pole_coffin=\box40
\l__coffin_display_offset_dim=\dimen126
\l__coffin_display_x_dim=\dimen127
\l__coffin_display_y_dim=\dimen128
\g__file_internal_ior=\read1
\l__coffin_bounding_shift_dim=\dimen129
\l__coffin_left_corner_dim=\dimen130
\l__coffin_right_corner_dim=\dimen131
\l__coffin_bottom_corner_dim=\dimen132
\l__coffin_top_corner_dim=\dimen133
\l__coffin_scaled_total_height_dim=\dimen134
\l__coffin_scaled_width_dim=\dimen135
\l__seq_internal_a_int=\count168
\l__seq_internal_b_int=\count169
)
("c:/Program Files/TEX/texlive/2018/texmf-dist/tex/latex/l3kernel/l3pdfmode.def
"
File: l3pdfmode.def 2018-10-31 v L3 Experimental driver: PDF mode
\l__driver_color_stack_int=\count170
))
Package: xparse 2018-10-17 L3 Experimental document command parser
\l__xparse_current_arg_int=\count171
\g__xparse_grabber_int=\count172
\l__xparse_m_args_int=\count173
\l__xparse_mandatory_args_int=\count174
\l__xparse_v_nesting_int=\count175
)
Package: fontspec 2018/07/30 vv2.6h Font selection for XeLaTeX and LuaLaTeX
Lua module: fontspec 2018/07/30 v2.6h Font selection for XeLaTeX and LuaLaTeX
("c:/Program Files/TEX/texlive/2018/texmf-dist/tex/latex/fontspec/fontspec-luat
ex.sty"
Package: fontspec-luatex 2018/07/30 vv2.6h Font selection for XeLaTeX and LuaLaT
eX
\l__fontspec_script_int=\count176
\l__fontspec_language_int=\count177
\l__fontspec_strnum_int=\count178
\l__fontspec_tmp_int=\count179
\l__fontspec_em_int=\count180
\l__fontspec_emdef_int=\count181
\l__fontspec_strong_int=\count182
\l__fontspec_strongdef_int=\count183
\l__fontspec_tmpa_dim=\dimen136
\l__fontspec_tmpb_dim=\dimen137
\l__fontspec_tmpc_dim=\dimen138

("c:/Program Files/TEX/texlive/2018/texmf-dist/tex/latex/base/fontenc.sty"
Package: fontenc 2017/04/05 v2.0i Standard LaTeX package

("c:/Program Files/TEX/texlive/2018/texmf-dist/tex/latex/base/tuenc.def"
File: tuenc.def 2017/04/05 v2.0i Standard LaTeX file
LaTeX Font Info:    Redeclaring font encoding TU on input line 82.
))
("c:/Program Files/TEX/texlive/2018/texmf-dist/tex/latex/fontspec/fontspec.cfg"
)
LaTeX Info: Redefining \itshape on input line 3644.
LaTeX Info: Redefining \slshape on input line 3649.
LaTeX Info: Redefining \scshape on input line 3654.
LaTeX Info: Redefining \upshape on input line 3659.
LaTeX Info: Redefining \em on input line 3689.
LaTeX Info: Redefining \emph on input line 3714.
LaTeX Info: Redefining \- on input line 3768.
)) ("c:/Program Files/TEX/texlive/2018/texmf-dist/tex/latex/lm/lmodern.sty"
Package: lmodern 2009/10/30 v1.6 Latin Modern Fonts
LaTeX Font Info:    Overwriting symbol font `operators' in version `normal'
(Font)                  OT1/cmr/m/n --> OT1/lmr/m/n on input line 22.
LaTeX Font Info:    Overwriting symbol font `letters' in version `normal'
(Font)                  OML/cmm/m/it --> OML/lmm/m/it on input line 23.
LaTeX Font Info:    Overwriting symbol font `symbols' in version `normal'
(Font)                  OMS/cmsy/m/n --> OMS/lmsy/m/n on input line 24.
LaTeX Font Info:    Overwriting symbol font `largesymbols' in version `normal'
(Font)                  OMX/cmex/m/n --> OMX/lmex/m/n on input line 25.
LaTeX Font Info:    Overwriting symbol font `operators' in version `bold'
(Font)                  OT1/cmr/bx/n --> OT1/lmr/bx/n on input line 26.
LaTeX Font Info:    Overwriting symbol font `letters' in version `bold'
(Font)                  OML/cmm/b/it --> OML/lmm/b/it on input line 27.
LaTeX Font Info:    Overwriting symbol font `symbols' in version `bold'
(Font)                  OMS/cmsy/b/n --> OMS/lmsy/b/n on input line 28.
LaTeX Font Info:    Overwriting symbol font `largesymbols' in version `bold'
(Font)                  OMX/cmex/m/n --> OMX/lmex/m/n on input line 29.
LaTeX Font Info:    Overwriting math alphabet `\mathbf' in version `normal'
(Font)                  OT1/cmr/bx/n --> OT1/lmr/bx/n on input line 31.
LaTeX Font Info:    Overwriting math alphabet `\mathsf' in version `normal'
(Font)                  OT1/cmss/m/n --> OT1/lmss/m/n on input line 32.
LaTeX Font Info:    Overwriting math alphabet `\mathit' in version `normal'
(Font)                  OT1/cmr/m/it --> OT1/lmr/m/it on input line 33.
LaTeX Font Info:    Overwriting math alphabet `\mathtt' in version `normal'
(Font)                  OT1/cmtt/m/n --> OT1/lmtt/m/n on input line 34.
LaTeX Font Info:    Overwriting math alphabet `\mathbf' in version `bold'
(Font)                  OT1/cmr/bx/n --> OT1/lmr/bx/n on input line 35.
LaTeX Font Info:    Overwriting math alphabet `\mathsf' in version `bold'
(Font)                  OT1/cmss/bx/n --> OT1/lmss/bx/n on input line 36.
LaTeX Font Info:    Overwriting math alphabet `\mathit' in version `bold'
(Font)                  OT1/cmr/bx/it --> OT1/lmr/bx/it on input line 37.
LaTeX Font Info:    Overwriting math alphabet `\mathtt' in version `bold'
(Font)                  OT1/cmtt/m/n --> OT1/lmtt/m/n on input line 38.
)
("c:/Program Files/TEX/texlive/2018/texmf-dist/tex/latex/pdfpages/pdfpages.sty"
Package: pdfpages 2017/10/31 v0.5l Insert pages of external PDF documents (AM)
("c:/Program Files/TEX/texlive/2018/texmf-dist/tex/latex/base/ifthen.sty"
Package: ifthen 2014/09/29 v1.1c Standard LaTeX ifthen package (DPC)
)
("c:/Program Files/TEX/texlive/2018/texmf-dist/tex/latex/tools/calc.sty"
Package: calc 2017/05/25 v4.3 Infix arithmetic (KKT,FJ)
\calc@Acount=\count184
\calc@Bcount=\count185
\calc@Adimen=\dimen139
\calc@Bdimen=\dimen140
\calc@Askip=\skip49
\calc@Bskip=\skip50
LaTeX Info: Redefining \setlength on input line 80.
LaTeX Info: Redefining \addtolength on input line 81.
\calc@Ccount=\count186
\calc@Cskip=\skip51
)
("c:/Program Files/TEX/texlive/2018/texmf-dist/tex/latex/eso-pic/eso-pic.sty"
Package: eso-pic 2018/04/12 v2.0h eso-pic (RN)

("c:/Program Files/TEX/texlive/2018/texmf-dist/tex/generic/oberdiek/atbegshi.st
y"
Package: atbegshi 2016/06/09 v1.18 At begin shipout hook (HO)

("c:/Program Files/TEX/texlive/2018/texmf-dist/tex/generic/oberdiek/infwarerr.s
ty"
Package: infwarerr 2016/05/16 v1.4 Providing info/warning/error messages (HO)
)
("c:/Program Files/TEX/texlive/2018/texmf-dist/tex/generic/oberdiek/ltxcmds.sty
"
Package: ltxcmds 2016/05/16 v1.23 LaTeX kernel commands for general use (HO)
) ("c:/Program Files/TEX/texlive/2018/texmf-dist/tex/generic/oberdiek/ifpdf.sty
"
Package: ifpdf 2018/09/07 v3.3 Provides the ifpdf switch
))
("c:/Program Files/TEX/texlive/2018/texmf-dist/tex/latex/graphics/keyval.sty"
Package: keyval 2014/10/28 v1.15 key=value parser (DPC)
\KV@toks@=\toks16
)
("c:/Program Files/TEX/texlive/2018/texmf-dist/tex/latex/xcolor/xcolor.sty"
Package: xcolor 2016/05/11 v2.12 LaTeX color extensions (UK)

("c:/Program Files/TEX/texlive/2018/texmf-dist/tex/latex/graphics-cfg/color.cfg
"
File: color.cfg 2016/01/02 v1.6 sample color configuration
)
Package xcolor Info: Driver file: luatex.def on input line 225.

("c:/Program Files/TEX/texlive/2018/texmf-dist/tex/latex/graphics-def/luatex.de
f"
File: luatex.def 2018/01/08 v1.0l Graphics/color driver for luatex
)
Package xcolor Info: Model `cmy' substituted by `cmy0' on input line 1348.
Package xcolor Info: Model `hsb' substituted by `rgb' on input line 1352.
Package xcolor Info: Model `RGB' extended on input line 1364.
Package xcolor Info: Model `HTML' substituted by `rgb' on input line 1366.
Package xcolor Info: Model `Hsb' substituted by `hsb' on input line 1367.
Package xcolor Info: Model `tHsb' substituted by `hsb' on input line 1368.
Package xcolor Info: Model `HSB' substituted by `hsb' on input line 1369.
Package xcolor Info: Model `Gray' substituted by `gray' on input line 1370.
Package xcolor Info: Model `wave' substituted by `hsb' on input line 1371.
))
("c:/Program Files/TEX/texlive/2018/texmf-dist/tex/latex/graphics/graphicx.sty"
Package: graphicx 2017/06/01 v1.1a Enhanced LaTeX Graphics (DPC,SPQR)
("c:/Program Files/TEX/texlive/2018/texmf-dist/tex/latex/graphics/graphics.sty"
Package: graphics 2017/06/25 v1.2c Standard LaTeX Graphics (DPC,SPQR)
("c:/Program Files/TEX/texlive/2018/texmf-dist/tex/latex/graphics/trig.sty"
Package: trig 2016/01/03 v1.10 sin cos tan (DPC)
)
("c:/Program Files/TEX/texlive/2018/texmf-dist/tex/latex/graphics-cfg/graphics.
cfg"
File: graphics.cfg 2016/06/04 v1.11 sample graphics configuration
)
Package graphics Info: Driver file: luatex.def on input line 99.
)
\Gin@req@height=\dimen141
\Gin@req@width=\dimen142
)
\AM@pagewidth=\dimen143
\AM@pageheight=\dimen144

("c:/Program Files/TEX/texlive/2018/texmf-dist/tex/latex/pdfpages/ppluatex.def"
File: ppluatex.def 2017/10/31 v0.5l Pdfpages driver for LuaTeX (AM)
)
\AM@pagebox=\box41
\AM@global@opts=\toks17
\AM@toc@title=\toks18
\c@AM@survey=\count187
\AM@templatesizebox=\box42
) ("c:/Program Files/TEX/texlive/2018/texmf-dist/tex/latex/amsmath/amsmath.sty"
Package: amsmath 2017/09/02 v2.17a AMS math features
\@mathmargin=\skip52

For additional information on amsmath, use the `?' option.
("c:/Program Files/TEX/texlive/2018/texmf-dist/tex/latex/amsmath/amstext.sty"
Package: amstext 2000/06/29 v2.01 AMS text

("c:/Program Files/TEX/texlive/2018/texmf-dist/tex/latex/amsmath/amsgen.sty"
File: amsgen.sty 1999/11/30 v2.0 generic functions
\@emptytoks=\toks19
\ex@=\dimen145
))
("c:/Program Files/TEX/texlive/2018/texmf-dist/tex/latex/amsmath/amsbsy.sty"
Package: amsbsy 1999/11/29 v1.2d Bold Symbols
\pmbraise@=\dimen146
)
("c:/Program Files/TEX/texlive/2018/texmf-dist/tex/latex/amsmath/amsopn.sty"
Package: amsopn 2016/03/08 v2.02 operator names
)
\inf@bad=\count188
LaTeX Info: Redefining \frac on input line 213.
\uproot@=\count189
\leftroot@=\count190
LaTeX Info: Redefining \overline on input line 375.
\classnum@=\count191
\DOTSCASE@=\count192
LaTeX Info: Redefining \ldots on input line 472.
LaTeX Info: Redefining \dots on input line 475.
LaTeX Info: Redefining \cdots on input line 596.
\Mathstrutbox@=\box43
\strutbox@=\box44
\big@size=\dimen147
LaTeX Font Info:    Redeclaring font encoding OML on input line 712.
LaTeX Font Info:    Redeclaring font encoding OMS on input line 713.
\macc@depth=\count193
\c@MaxMatrixCols=\count194
\dotsspace@=\muskip16
\c@parentequation=\count195
\dspbrk@lvl=\count196
\tag@help=\toks20
\row@=\count197
\column@=\count198
\maxfields@=\count199
\andhelp@=\toks21
\eqnshift@=\dimen148
\alignsep@=\dimen149
\tagshift@=\dimen150
\tagwidth@=\dimen151
\totwidth@=\dimen152
\lineht@=\dimen153
\@envbody=\toks22
\multlinegap=\skip53
\multlinetaggap=\skip54
\mathdisplay@stack=\toks23
LaTeX Info: Redefining \[ on input line 2817.
LaTeX Info: Redefining \] on input line 2818.
)
("c:/Program Files/TEX/texlive/2018/texmf-dist/tex/latex/amsfonts/amsfonts.sty"
Package: amsfonts 2013/01/14 v3.01 Basic AMSFonts support
\symAMSa=\mathgroup4
\symAMSb=\mathgroup5
LaTeX Font Info:    Overwriting math alphabet `\mathfrak' in version `bold'
(Font)                  U/euf/m/n --> U/euf/b/n on input line 106.
) ("c:/Program Files/TEX/texlive/2018/texmf-dist/tex/latex/amsfonts/amssymb.sty
"
Package: amssymb 2013/01/14 v3.01 AMS font symbols
) ("c:/Program Files/TEX/texlive/2018/texmf-dist/tex/latex/was/gensymb.sty"
Package: gensymb 2003/07/02 v1.0 (WaS)
)
("c:/Program Files/TEX/texlive/2018/texmf-dist/tex/generic/ulem/ulem.sty"
\UL@box=\box45
\UL@hyphenbox=\box46
\UL@skip=\skip55
\UL@hook=\toks24
\UL@height=\dimen154
\UL@pe=\count266
\UL@pixel=\dimen155
\ULC@box=\box47
Package: ulem 2012/05/18
\ULdepth=\dimen156
)
("c:/Program Files/TEX/texlive/2018/texmf-dist/tex/latex/stix/stix.sty"
Package: stix 2018/04/17 v1.1.3-latex STIX fonts support package

("c:/Program Files/TEX/texlive/2018/texmf-dist/tex/latex/base/textcomp.sty"
Package: textcomp 2017/04/05 v2.0i Standard LaTeX package
Package textcomp Info: Sub-encoding information:
(textcomp)               5 = only ISO-Adobe without \textcurrency
(textcomp)               4 = 5 + \texteuro
(textcomp)               3 = 4 + \textohm
(textcomp)               2 = 3 + \textestimated + \textcurrency
(textcomp)               1 = TS1 - \textcircled - \t
(textcomp)               0 = TS1 (full)
(textcomp)             Font families with sub-encoding setting implement
(textcomp)             only a restricted character set as indicated.
(textcomp)             Family '?' is the default used for unknown fonts.
(textcomp)             See the documentation for details.
Package textcomp Info: Setting ? sub-encoding to TS1/1 on input line 79.
Package textcomp Info: Changing ? sub-encoding to TS1/0 on input line 80.

("c:/Program Files/TEX/texlive/2018/texmf-dist/tex/latex/base/ts1enc.def"
File: ts1enc.def 2001/06/05 v3.0e (jk/car/fm) Standard LaTeX file
)
LaTeX Info: Redefining \oldstylenums on input line 334.
Package textcomp Info: Setting cmr sub-encoding to TS1/0 on input line 349.
Package textcomp Info: Setting cmss sub-encoding to TS1/0 on input line 350.
Package textcomp Info: Setting cmtt sub-encoding to TS1/0 on input line 351.
Package textcomp Info: Setting cmvtt sub-encoding to TS1/0 on input line 352.
Package textcomp Info: Setting cmbr sub-encoding to TS1/0 on input line 353.
Package textcomp Info: Setting cmtl sub-encoding to TS1/0 on input line 354.
Package textcomp Info: Setting ccr sub-encoding to TS1/0 on input line 355.
Package textcomp Info: Setting ptm sub-encoding to TS1/4 on input line 356.
Package textcomp Info: Setting pcr sub-encoding to TS1/4 on input line 357.
Package textcomp Info: Setting phv sub-encoding to TS1/4 on input line 358.
Package textcomp Info: Setting ppl sub-encoding to TS1/3 on input line 359.
Package textcomp Info: Setting pag sub-encoding to TS1/4 on input line 360.
Package textcomp Info: Setting pbk sub-encoding to TS1/4 on input line 361.
Package textcomp Info: Setting pnc sub-encoding to TS1/4 on input line 362.
Package textcomp Info: Setting pzc sub-encoding to TS1/4 on input line 363.
Package textcomp Info: Setting bch sub-encoding to TS1/4 on input line 364.
Package textcomp Info: Setting put sub-encoding to TS1/5 on input line 365.
Package textcomp Info: Setting uag sub-encoding to TS1/5 on input line 366.
Package textcomp Info: Setting ugq sub-encoding to TS1/5 on input line 367.
Package textcomp Info: Setting ul8 sub-encoding to TS1/4 on input line 368.
Package textcomp Info: Setting ul9 sub-encoding to TS1/4 on input line 369.
Package textcomp Info: Setting augie sub-encoding to TS1/5 on input line 370.
Package textcomp Info: Setting dayrom sub-encoding to TS1/3 on input line 371.
Package textcomp Info: Setting dayroms sub-encoding to TS1/3 on input line 372.
Package textcomp Info: Setting pxr sub-encoding to TS1/0 on input line 373.
Package textcomp Info: Setting pxss sub-encoding to TS1/0 on input line 374.
Package textcomp Info: Setting pxtt sub-encoding to TS1/0 on input line 375.
Package textcomp Info: Setting txr sub-encoding to TS1/0 on input line 376.
Package textcomp Info: Setting txss sub-encoding to TS1/0 on input line 377.
Package textcomp Info: Setting txtt sub-encoding to TS1/0 on input line 378.
Package textcomp Info: Setting lmr sub-encoding to TS1/0 on input line 379.
Package textcomp Info: Setting lmdh sub-encoding to TS1/0 on input line 380.
Package textcomp Info: Setting lmss sub-encoding to TS1/0 on input line 381.
Package textcomp Info: Setting lmssq sub-encoding to TS1/0 on input line 382.
Package textcomp Info: Setting lmvtt sub-encoding to TS1/0 on input line 383.
Package textcomp Info: Setting lmtt sub-encoding to TS1/0 on input line 384.
Package textcomp Info: Setting qhv sub-encoding to TS1/0 on input line 385.
Package textcomp Info: Setting qag sub-encoding to TS1/0 on input line 386.
Package textcomp Info: Setting qbk sub-encoding to TS1/0 on input line 387.
Package textcomp Info: Setting qcr sub-encoding to TS1/0 on input line 388.
Package textcomp Info: Setting qcs sub-encoding to TS1/0 on input line 389.
Package textcomp Info: Setting qpl sub-encoding to TS1/0 on input line 390.
Package textcomp Info: Setting qtm sub-encoding to TS1/0 on input line 391.
Package textcomp Info: Setting qzc sub-encoding to TS1/0 on input line 392.
Package textcomp Info: Setting qhvc sub-encoding to TS1/0 on input line 393.
Package textcomp Info: Setting futs sub-encoding to TS1/4 on input line 394.
Package textcomp Info: Setting futx sub-encoding to TS1/4 on input line 395.
Package textcomp Info: Setting futj sub-encoding to TS1/4 on input line 396.
Package textcomp Info: Setting hlh sub-encoding to TS1/3 on input line 397.
Package textcomp Info: Setting hls sub-encoding to TS1/3 on input line 398.
Package textcomp Info: Setting hlst sub-encoding to TS1/3 on input line 399.
Package textcomp Info: Setting hlct sub-encoding to TS1/5 on input line 400.
Package textcomp Info: Setting hlx sub-encoding to TS1/5 on input line 401.
Package textcomp Info: Setting hlce sub-encoding to TS1/5 on input line 402.
Package textcomp Info: Setting hlcn sub-encoding to TS1/5 on input line 403.
Package textcomp Info: Setting hlcw sub-encoding to TS1/5 on input line 404.
Package textcomp Info: Setting hlcf sub-encoding to TS1/5 on input line 405.
Package textcomp Info: Setting pplx sub-encoding to TS1/3 on input line 406.
Package textcomp Info: Setting pplj sub-encoding to TS1/3 on input line 407.
Package textcomp Info: Setting ptmx sub-encoding to TS1/4 on input line 408.
Package textcomp Info: Setting ptmj sub-encoding to TS1/4 on input line 409.
)
LaTeX Font Info:    Redeclaring symbol font `letters' on input line 76.
LaTeX Font Info:    Encoding `OML' has changed to `LS1' for symbol font
(Font)              `letters' in the math version `normal' on input line 76.
LaTeX Font Info:    Overwriting symbol font `letters' in version `normal'
(Font)                  OML/lmm/m/it --> LS1/stix/m/it on input line 76.
LaTeX Font Info:    Encoding `OML' has changed to `LS1' for symbol font
(Font)              `letters' in the math version `bold' on input line 76.
LaTeX Font Info:    Overwriting symbol font `letters' in version `bold'
(Font)                  OML/lmm/b/it --> LS1/stix/m/it on input line 76.
LaTeX Font Info:    Redeclaring symbol font `operators' on input line 77.
LaTeX Font Info:    Encoding `OT1' has changed to `LS1' for symbol font
(Font)              `operators' in the math version `normal' on input line 77.
LaTeX Font Info:    Overwriting symbol font `operators' in version `normal'
(Font)                  OT1/lmr/m/n --> LS1/stix/m/n on input line 77.
LaTeX Font Info:    Encoding `OT1' has changed to `LS1' for symbol font
(Font)              `operators' in the math version `bold' on input line 77.
LaTeX Font Info:    Overwriting symbol font `operators' in version `bold'
(Font)                  OT1/lmr/bx/n --> LS1/stix/m/n on input line 77.
\symbold-operators=\mathgroup6
LaTeX Font Info:    Redeclaring symbol font `symbols' on input line 79.
LaTeX Font Info:    Encoding `OMS' has changed to `LS1' for symbol font
(Font)              `symbols' in the math version `normal' on input line 79.
LaTeX Font Info:    Overwriting symbol font `symbols' in version `normal'
(Font)                  OMS/lmsy/m/n --> LS1/stixscr/m/n on input line 79.
LaTeX Font Info:    Encoding `OMS' has changed to `LS1' for symbol font
(Font)              `symbols' in the math version `bold' on input line 79.
LaTeX Font Info:    Overwriting symbol font `symbols' in version `bold'
(Font)                  OMS/lmsy/b/n --> LS1/stixscr/m/n on input line 79.
\symsymbols2=\mathgroup7
\symsymbols3=\mathgroup8
\symsymbols4=\mathgroup9
\symintegrals=\mathgroup10
LaTeX Font Info:    Redeclaring symbol font `largesymbols' on input line 84.
LaTeX Font Info:    Encoding `OMX' has changed to `LS2' for symbol font
(Font)              `largesymbols' in the math version `normal' on input line 84
.
LaTeX Font Info:    Overwriting symbol font `largesymbols' in version `normal'
(Font)                  OMX/lmex/m/n --> LS2/stixex/m/n on input line 84.
LaTeX Font Info:    Encoding `OMX' has changed to `LS2' for symbol font
(Font)              `largesymbols' in the math version `bold' on input line 84.
LaTeX Font Info:    Overwriting symbol font `largesymbols' in version `bold'
(Font)                  OMX/lmex/m/n --> LS2/stixex/m/n on input line 84.
\symarrows1=\mathgroup11
\symarrows2=\mathgroup12
\symarrows3=\mathgroup13
LaTeX Font Info:    Overwriting symbol font `letters' in version `bold'
(Font)                  LS1/stix/m/it --> LS1/stix/b/it on input line 88.
LaTeX Font Info:    Overwriting symbol font `operators' in version `bold'
(Font)                  LS1/stix/m/n --> LS1/stix/b/n on input line 89.
LaTeX Font Info:    Overwriting symbol font `symbols' in version `bold'
(Font)                  LS1/stixscr/m/n --> LS1/stixscr/b/n on input line 90.
LaTeX Font Info:    Overwriting symbol font `symbols2' in version `bold'
(Font)                  LS1/stixfrak/m/n --> LS1/stixfrak/b/n on input line 91.
LaTeX Font Info:    Overwriting symbol font `symbols3' in version `bold'
(Font)                  LS1/stixbb/m/n --> LS1/stixbb/b/n on input line 92.
LaTeX Font Info:    Overwriting symbol font `symbols4' in version `bold'
(Font)                  LS1/stixbb/m/it --> LS1/stixbb/b/it on input line 93.
LaTeX Font Info:    Overwriting symbol font `integrals' in version `bold'
(Font)                  LS2/stixcal/m/n --> LS2/stixcal/b/n on input line 94.
LaTeX Font Info:    Overwriting symbol font `largesymbols' in version `bold'
(Font)                  LS2/stixex/m/n --> LS2/stixex/b/n on input line 95.
LaTeX Font Info:    Overwriting symbol font `arrows1' in version `bold'
(Font)                  LS1/stixsf/m/n --> LS1/stixsf/b/n on input line 96.
LaTeX Font Info:    Overwriting symbol font `arrows2' in version `bold'
(Font)                  LS1/stixsf/m/it --> LS1/stixsf/b/it on input line 97.
LaTeX Font Info:    Overwriting symbol font `arrows3' in version `bold'
(Font)                  LS2/stixtt/m/n --> LS2/stixtt/b/n on input line 98.
LaTeX Font Info:    Redeclaring math alphabet \mathit on input line 99.
LaTeX Font Info:    Redeclaring math alphabet \mathfrak on input line 102.
LaTeX Font Info:    Redeclaring math alphabet \mathsf on input line 106.
LaTeX Font Info:    Redeclaring math alphabet \mathtt on input line 108.
LaTeX Font Info:    Redeclaring math alphabet \mathbf on input line 109.
LaTeX Info: Redefining \yen on input line 456.
LaTeX Info: Redefining \circledR on input line 458.
LaTeX Info: Redefining \checkmark on input line 460.
LaTeX Info: Redefining \maltese on input line 461.
LaTeX Info: Redefining \vdots on input line 1518.
LaTeX Info: Redefining \cdots on input line 1522.
LaTeX Info: Redefining \not on input line 2144.
)
("c:/Program Files/TEX/texlive/2018/texmf-dist/tex/latex/siunitx/siunitx.sty"
Package: siunitx 2018/05/17 v2.7s A comprehensive (SI) units package

("c:/Program Files/TEX/texlive/2018/texmf-dist/tex/latex/tools/array.sty"
Package: array 2018/04/30 v2.4h Tabular extension package (FMi)
\col@sep=\dimen157
\ar@mcellbox=\box48
\extrarowheight=\dimen158
\NC@list=\toks25
\extratabsurround=\skip56
\backup@length=\skip57
\ar@cellbox=\box49
)
("c:/Program Files/TEX/texlive/2018/texmf-dist/tex/latex/l3packages/l3keys2e/l3
keys2e.sty"
Package: l3keys2e 2018-10-17 LaTeX2e option processing using LaTeX3 keys
)
\l__siunitx_tmp_box=\box50
\l__siunitx_tmp_dim=\dimen159
\l__siunitx_tmp_int=\count267
\l__siunitx_number_mantissa_length_int=\count268
\l__siunitx_number_uncert_length_int=\count269
\l__siunitx_round_int=\count270
\l__siunitx_process_decimal_int=\count271
\l__siunitx_process_uncertainty_int=\count272
\l__siunitx_process_fixed_int=\count273
\l__siunitx_process_integer_min_int=\count274
\l__siunitx_process_precision_int=\count275
\l__siunitx_group_min_int=\count276
\l__siunitx_angle_marker_box=\box51
\l__siunitx_angle_unit_box=\box52
\l__siunitx_angle_marker_dim=\dimen160
\l__siunitx_angle_unit_dim=\dimen161
\l__siunitx_unit_int=\count277
\l__siunitx_unit_denominator_int=\count278
\l__siunitx_unit_numerator_int=\count279
\l__siunitx_unit_prefix_int=\count280
\l__siunitx_unit_prefix_base_int=\count281
\l__siunitx_unit_prefix_gram_int=\count282
\l__siunitx_number_product_int=\count283
\c__siunitx_one_fill_skip=\skip58
\l__siunitx_table_unit_align_skip=\skip59
\l__siunitx_table_exponent_dim=\dimen162
\l__siunitx_table_integer_dim=\dimen163
\l__siunitx_table_mantissa_dim=\dimen164
\l__siunitx_table_marker_dim=\dimen165
\l__siunitx_table_result_dim=\dimen166
\l__siunitx_table_uncert_dim=\dimen167
\l__siunitx_table_fill_pre_dim=\dimen168
\l__siunitx_table_fill_post_dim=\dimen169
\l__siunitx_table_fill_mid_dim=\dimen170
\l__siunitx_table_pre_box=\box53
\l__siunitx_table_post_box=\box54
\l__siunitx_table_mantissa_box=\box55
\l__siunitx_table_result_box=\box56
\l__siunitx_table_number_align_skip=\skip60
\l__siunitx_table_text_align_skip=\skip61

("c:/Program Files/TEX/texlive/2018/texmf-dist/tex/latex/translator/translator.
sty"
Package: translator 2018/01/04 v1.12 Easy translation of strings in LaTeX
))
("c:/Program Files/TEX/texlive/2018/texmf-dist/tex/latex/l3packages/xfrac/xfrac
.sty"
("c:/Program Files/TEX/texlive/2018/texmf-dist/tex/latex/l3packages/xtemplate/x
template.sty"
Package: xtemplate 2018-10-17 L3 Experimental prototype document functions
\l__xtemplate_tmp_dim=\dimen171
\l__xtemplate_tmp_int=\count284
\l__xtemplate_tmp_muskip=\muskip17
\l__xtemplate_tmp_skip=\skip62
)
Package: xfrac 2018-10-17 L3 Experimental split-level fractions
\l__xfrac_slash_box=\box57
\l__xfrac_tmp_box=\box58
\l__xfrac_denominator_bot_sep_dim=\dimen172
\l__xfrac_numerator_bot_sep_dim=\dimen173
\l__xfrac_numerator_top_sep_dim=\dimen174
\l__xfrac_slash_left_sep_dim=\dimen175
\l__xfrac_slash_right_sep_dim=\dimen176
\l__xfrac_slash_left_muskip=\muskip18
\l__xfrac_slash_right_muskip=\muskip19

Package xtemplate Info: Declaring object type 'xfrac' taking 3 argument(s) on
(xtemplate)             line 80.

)
("c:/Program Files/TEX/texlive/2018/texmf-dist/tex/latex/pgf/frontendlayer/tikz
.sty"
("c:/Program Files/TEX/texlive/2018/texmf-dist/tex/latex/pgf/basiclayer/pgf.sty
"
("c:/Program Files/TEX/texlive/2018/texmf-dist/tex/latex/pgf/utilities/pgfrcs.s
ty"
("c:/Program Files/TEX/texlive/2018/texmf-dist/tex/generic/pgf/utilities/pgfuti
l-common.tex"
\pgfutil@everybye=\toks26
\pgfutil@tempdima=\dimen177
\pgfutil@tempdimb=\dimen178

("c:/Program Files/TEX/texlive/2018/texmf-dist/tex/generic/pgf/utilities/pgfuti
l-common-lists.tex"))
("c:/Program Files/TEX/texlive/2018/texmf-dist/tex/generic/pgf/utilities/pgfuti
l-latex.def"
\pgfutil@abb=\box59

("c:/Program Files/TEX/texlive/2018/texmf-dist/tex/latex/ms/everyshi.sty"
Package: everyshi 2001/05/15 v3.00 EveryShipout Package (MS)
))
("c:/Program Files/TEX/texlive/2018/texmf-dist/tex/generic/pgf/utilities/pgfrcs
.code.tex"
Package: pgfrcs 2015/08/07 v3.0.1a (rcs-revision 1.31)
))
Package: pgf 2015/08/07 v3.0.1a (rcs-revision 1.15)

("c:/Program Files/TEX/texlive/2018/texmf-dist/tex/latex/pgf/basiclayer/pgfcore
.sty"
("c:/Program Files/TEX/texlive/2018/texmf-dist/tex/latex/pgf/systemlayer/pgfsys
.sty"
("c:/Program Files/TEX/texlive/2018/texmf-dist/tex/generic/pgf/systemlayer/pgfs
ys.code.tex"
Package: pgfsys 2014/07/09 v3.0.1a (rcs-revision 1.48)

("c:/Program Files/TEX/texlive/2018/texmf-dist/tex/generic/pgf/utilities/pgfkey
s.code.tex"
\pgfkeys@pathtoks=\toks27
\pgfkeys@temptoks=\toks28

("c:/Program Files/TEX/texlive/2018/texmf-dist/tex/generic/pgf/utilities/pgfkey
sfiltered.code.tex"
\pgfkeys@tmptoks=\toks29
))
\pgf@x=\dimen179
\pgf@y=\dimen180
\pgf@xa=\dimen181
\pgf@ya=\dimen182
\pgf@xb=\dimen183
\pgf@yb=\dimen184
\pgf@xc=\dimen185
\pgf@yc=\dimen186
\w@pgf@writea=\write3
\r@pgf@reada=\read2
\c@pgf@counta=\count285
\c@pgf@countb=\count286
\c@pgf@countc=\count287
\c@pgf@countd=\count288
\t@pgf@toka=\toks30
\t@pgf@tokb=\toks31
\t@pgf@tokc=\toks32

("c:/Program Files/TEX/texlive/2018/texmf-dist/tex/generic/pgf/systemlayer/pgf.
cfg"
File: pgf.cfg 2008/05/14  (rcs-revision 1.7)
)
Driver file for pgf: pgfsys-luatex.def

("c:/Program Files/TEX/texlive/2018/texmf-dist/tex/generic/pgf/systemlayer/pgfs
ys-luatex.def"
File: pgfsys-luatex.def 2014/10/11  (rcs-revision 1.35)

("c:/Program Files/TEX/texlive/2018/texmf-dist/tex/generic/pgf/systemlayer/pgfs
ys-common-pdf.def"
File: pgfsys-common-pdf.def 2013/10/10  (rcs-revision 1.13)
)))
("c:/Program Files/TEX/texlive/2018/texmf-dist/tex/generic/pgf/systemlayer/pgfs
yssoftpath.code.tex"
File: pgfsyssoftpath.code.tex 2013/09/09  (rcs-revision 1.9)
\pgfsyssoftpath@smallbuffer@items=\count289
\pgfsyssoftpath@bigbuffer@items=\count290
)
("c:/Program Files/TEX/texlive/2018/texmf-dist/tex/generic/pgf/systemlayer/pgfs
ysprotocol.code.tex"
File: pgfsysprotocol.code.tex 2006/10/16  (rcs-revision 1.4)
))
("c:/Program Files/TEX/texlive/2018/texmf-dist/tex/generic/pgf/basiclayer/pgfco
re.code.tex"
Package: pgfcore 2010/04/11 v3.0.1a (rcs-revision 1.7)

("c:/Program Files/TEX/texlive/2018/texmf-dist/tex/generic/pgf/math/pgfmath.cod
e.tex"
("c:/Program Files/TEX/texlive/2018/texmf-dist/tex/generic/pgf/math/pgfmathcalc
.code.tex"
("c:/Program Files/TEX/texlive/2018/texmf-dist/tex/generic/pgf/math/pgfmathutil
.code.tex")
("c:/Program Files/TEX/texlive/2018/texmf-dist/tex/generic/pgf/math/pgfmathpars
er.code.tex"
\pgfmath@dimen=\dimen187
\pgfmath@count=\count291
\pgfmath@box=\box60
\pgfmath@toks=\toks33
\pgfmath@stack@operand=\toks34
\pgfmath@stack@operation=\toks35
)
("c:/Program Files/TEX/texlive/2018/texmf-dist/tex/generic/pgf/math/pgfmathfunc
tions.code.tex"
("c:/Program Files/TEX/texlive/2018/texmf-dist/tex/generic/pgf/math/pgfmathfunc
tions.basic.code.tex")
("c:/Program Files/TEX/texlive/2018/texmf-dist/tex/generic/pgf/math/pgfmathfunc
tions.trigonometric.code.tex")
("c:/Program Files/TEX/texlive/2018/texmf-dist/tex/generic/pgf/math/pgfmathfunc
tions.random.code.tex")
("c:/Program Files/TEX/texlive/2018/texmf-dist/tex/generic/pgf/math/pgfmathfunc
tions.comparison.code.tex")
("c:/Program Files/TEX/texlive/2018/texmf-dist/tex/generic/pgf/math/pgfmathfunc
tions.base.code.tex")
("c:/Program Files/TEX/texlive/2018/texmf-dist/tex/generic/pgf/math/pgfmathfunc
tions.round.code.tex")
("c:/Program Files/TEX/texlive/2018/texmf-dist/tex/generic/pgf/math/pgfmathfunc
tions.misc.code.tex")
("c:/Program Files/TEX/texlive/2018/texmf-dist/tex/generic/pgf/math/pgfmathfunc
tions.integerarithmetics.code.tex")))
("c:/Program Files/TEX/texlive/2018/texmf-dist/tex/generic/pgf/math/pgfmathfloa
t.code.tex"
\c@pgfmathroundto@lastzeros=\count292
))
("c:/Program Files/TEX/texlive/2018/texmf-dist/tex/generic/pgf/basiclayer/pgfco
repoints.code.tex"
File: pgfcorepoints.code.tex 2013/10/07  (rcs-revision 1.27)
\pgf@picminx=\dimen188
\pgf@picmaxx=\dimen189
\pgf@picminy=\dimen190
\pgf@picmaxy=\dimen191
\pgf@pathminx=\dimen192
\pgf@pathmaxx=\dimen193
\pgf@pathminy=\dimen194
\pgf@pathmaxy=\dimen195
\pgf@xx=\dimen196
\pgf@xy=\dimen197
\pgf@yx=\dimen198
\pgf@yy=\dimen199
\pgf@zx=\dimen256
\pgf@zy=\dimen257
)
("c:/Program Files/TEX/texlive/2018/texmf-dist/tex/generic/pgf/basiclayer/pgfco
repathconstruct.code.tex"
File: pgfcorepathconstruct.code.tex 2013/10/07  (rcs-revision 1.29)
\pgf@path@lastx=\dimen258
\pgf@path@lasty=\dimen259
)
("c:/Program Files/TEX/texlive/2018/texmf-dist/tex/generic/pgf/basiclayer/pgfco
repathusage.code.tex"
File: pgfcorepathusage.code.tex 2014/11/02  (rcs-revision 1.24)
\pgf@shorten@end@additional=\dimen260
\pgf@shorten@start@additional=\dimen261
)
("c:/Program Files/TEX/texlive/2018/texmf-dist/tex/generic/pgf/basiclayer/pgfco
rescopes.code.tex"
File: pgfcorescopes.code.tex 2015/05/08  (rcs-revision 1.46)
\pgfpic=\box61
\pgf@hbox=\box62
\pgf@layerbox@main=\box63
\pgf@picture@serial@count=\count293
)
("c:/Program Files/TEX/texlive/2018/texmf-dist/tex/generic/pgf/basiclayer/pgfco
regraphicstate.code.tex"
File: pgfcoregraphicstate.code.tex 2014/11/02  (rcs-revision 1.12)
\pgflinewidth=\dimen262
)
("c:/Program Files/TEX/texlive/2018/texmf-dist/tex/generic/pgf/basiclayer/pgfco
retransformations.code.tex"
File: pgfcoretransformations.code.tex 2015/08/07  (rcs-revision 1.20)
\pgf@pt@x=\dimen263
\pgf@pt@y=\dimen264
\pgf@pt@temp=\dimen265
)
("c:/Program Files/TEX/texlive/2018/texmf-dist/tex/generic/pgf/basiclayer/pgfco
requick.code.tex"
File: pgfcorequick.code.tex 2008/10/09  (rcs-revision 1.3)
)
("c:/Program Files/TEX/texlive/2018/texmf-dist/tex/generic/pgf/basiclayer/pgfco
reobjects.code.tex"
File: pgfcoreobjects.code.tex 2006/10/11  (rcs-revision 1.2)
)
("c:/Program Files/TEX/texlive/2018/texmf-dist/tex/generic/pgf/basiclayer/pgfco
repathprocessing.code.tex"
File: pgfcorepathprocessing.code.tex 2013/09/09  (rcs-revision 1.9)
)
("c:/Program Files/TEX/texlive/2018/texmf-dist/tex/generic/pgf/basiclayer/pgfco
rearrows.code.tex"
File: pgfcorearrows.code.tex 2015/05/14  (rcs-revision 1.43)
\pgfarrowsep=\dimen266
)
("c:/Program Files/TEX/texlive/2018/texmf-dist/tex/generic/pgf/basiclayer/pgfco
reshade.code.tex"
File: pgfcoreshade.code.tex 2013/07/15  (rcs-revision 1.15)
\pgf@max=\dimen267
\pgf@sys@shading@range@num=\count294
)
("c:/Program Files/TEX/texlive/2018/texmf-dist/tex/generic/pgf/basiclayer/pgfco
reimage.code.tex"
File: pgfcoreimage.code.tex 2013/07/15  (rcs-revision 1.18)

("c:/Program Files/TEX/texlive/2018/texmf-dist/tex/generic/pgf/basiclayer/pgfco
reexternal.code.tex"
File: pgfcoreexternal.code.tex 2014/07/09  (rcs-revision 1.21)
\pgfexternal@startupbox=\box64
))
("c:/Program Files/TEX/texlive/2018/texmf-dist/tex/generic/pgf/basiclayer/pgfco
relayers.code.tex"
File: pgfcorelayers.code.tex 2013/07/18  (rcs-revision 1.7)
)
("c:/Program Files/TEX/texlive/2018/texmf-dist/tex/generic/pgf/basiclayer/pgfco
retransparency.code.tex"
File: pgfcoretransparency.code.tex 2013/09/30  (rcs-revision 1.5)
)
("c:/Program Files/TEX/texlive/2018/texmf-dist/tex/generic/pgf/basiclayer/pgfco
repatterns.code.tex"
File: pgfcorepatterns.code.tex 2013/11/07  (rcs-revision 1.5)
)))
("c:/Program Files/TEX/texlive/2018/texmf-dist/tex/generic/pgf/modules/pgfmodul
eshapes.code.tex"
File: pgfmoduleshapes.code.tex 2014/03/21  (rcs-revision 1.35)
\pgfnodeparttextbox=\box65
)
("c:/Program Files/TEX/texlive/2018/texmf-dist/tex/generic/pgf/modules/pgfmodul
eplot.code.tex"
File: pgfmoduleplot.code.tex 2015/08/03  (rcs-revision 1.13)
)
("c:/Program Files/TEX/texlive/2018/texmf-dist/tex/latex/pgf/compatibility/pgfc
omp-version-0-65.sty"
Package: pgfcomp-version-0-65 2007/07/03 v3.0.1a (rcs-revision 1.7)
\pgf@nodesepstart=\dimen268
\pgf@nodesepend=\dimen269
)
("c:/Program Files/TEX/texlive/2018/texmf-dist/tex/latex/pgf/compatibility/pgfc
omp-version-1-18.sty"
Package: pgfcomp-version-1-18 2007/07/23 v3.0.1a (rcs-revision 1.1)
))
("c:/Program Files/TEX/texlive/2018/texmf-dist/tex/latex/pgf/utilities/pgffor.s
ty"
("c:/Program Files/TEX/texlive/2018/texmf-dist/tex/latex/pgf/utilities/pgfkeys.
sty"
("c:/Program Files/TEX/texlive/2018/texmf-dist/tex/generic/pgf/utilities/pgfkey
s.code.tex"))
("c:/Program Files/TEX/texlive/2018/texmf-dist/tex/latex/pgf/math/pgfmath.sty"
("c:/Program Files/TEX/texlive/2018/texmf-dist/tex/generic/pgf/math/pgfmath.cod
e.tex"))
("c:/Program Files/TEX/texlive/2018/texmf-dist/tex/generic/pgf/utilities/pgffor
.code.tex"
Package: pgffor 2013/12/13 v3.0.1a (rcs-revision 1.25)

("c:/Program Files/TEX/texlive/2018/texmf-dist/tex/generic/pgf/math/pgfmath.cod
e.tex")
\pgffor@iter=\dimen270
\pgffor@skip=\dimen271
\pgffor@stack=\toks36
\pgffor@toks=\toks37
))
("c:/Program Files/TEX/texlive/2018/texmf-dist/tex/generic/pgf/frontendlayer/ti
kz/tikz.code.tex"
Package: tikz 2015/08/07 v3.0.1a (rcs-revision 1.151)

("c:/Program Files/TEX/texlive/2018/texmf-dist/tex/generic/pgf/libraries/pgflib
raryplothandlers.code.tex"
File: pgflibraryplothandlers.code.tex 2013/08/31 v3.0.1a (rcs-revision 1.20)
\pgf@plot@mark@count=\count295
\pgfplotmarksize=\dimen272
)
\tikz@lastx=\dimen273
\tikz@lasty=\dimen274
\tikz@lastxsaved=\dimen275
\tikz@lastysaved=\dimen276
\tikzleveldistance=\dimen277
\tikzsiblingdistance=\dimen278
\tikz@figbox=\box66
\tikz@figbox@bg=\box67
\tikz@tempbox=\box68
\tikz@tempbox@bg=\box69
\tikztreelevel=\count296
\tikznumberofchildren=\count297
\tikznumberofcurrentchild=\count298
\tikz@fig@count=\count299

("c:/Program Files/TEX/texlive/2018/texmf-dist/tex/generic/pgf/modules/pgfmodul
ematrix.code.tex"
File: pgfmodulematrix.code.tex 2013/09/17  (rcs-revision 1.8)
\pgfmatrixcurrentrow=\count300
\pgfmatrixcurrentcolumn=\count301
\pgf@matrix@numberofcolumns=\count302
)
\tikz@expandcount=\count303

("c:/Program Files/TEX/texlive/2018/texmf-dist/tex/generic/pgf/frontendlayer/ti
kz/libraries/tikzlibrarytopaths.code.tex"
File: tikzlibrarytopaths.code.tex 2008/06/17 v3.0.1a (rcs-revision 1.2)
)))
("c:/Program Files/TEX/texlive/2018/texmf-dist/tex/latex/listings/listings.sty"
\lst@mode=\count304
\lst@gtempboxa=\box70
\lst@token=\toks38
\lst@length=\count305
\lst@currlwidth=\dimen279
\lst@column=\count306
\lst@pos=\count307
\lst@lostspace=\dimen280
\lst@width=\dimen281
\lst@newlines=\count308
\lst@lineno=\count309
\lst@maxwidth=\dimen282
("c:/Program Files/TEX/texlive/2018/texmf-dist/tex/latex/listings/lstmisc.sty"
File: lstmisc.sty 2018/09/02 1.7 (Carsten Heinz)
\c@lstnumber=\count310
\lst@skipnumbers=\count311
\lst@framebox=\box71
) ("c:/Program Files/TEX/texlive/2018/texmf-dist/tex/latex/listings/listings.cf
g"
File: listings.cfg 2018/09/02 1.7 listings configuration
))
Package: listings 2018/09/02 1.7 (Carsten Heinz)
 ("c:/Program Files/TEX/texlive/2018/texmf-dist/tex/latex/wrapfig/wrapfig.sty"
\wrapoverhang=\dimen283
\WF@size=\dimen284
\c@WF@wrappedlines=\count312
\WF@box=\box72
\WF@everypar=\toks39
Package: wrapfig 2003/01/31  v 3.6
)
("c:/Program Files/TEX/texlive/2018/texmf-dist/tex/latex/subfigure/subfigure.st
y"
Package: subfigure 2002/03/15 v2.1.5 subfigure package
\subfigtopskip=\skip63
\subfigcapskip=\skip64
\subfigcaptopadj=\dimen285
\subfigbottomskip=\skip65
\subfigcapmargin=\dimen286
\subfiglabelskip=\skip66
\c@subfigure=\count313
\c@lofdepth=\count314
\c@subtable=\count315
\c@lotdepth=\count316

****************************************
* Local config file subfigure.cfg used *
****************************************

("c:/Program Files/TEX/texlive/2018/texmf-dist/tex/latex/subfigure/subfigure.cf
g")
\subfig@top=\skip67
\subfig@bottom=\skip68
)
("c:/Program Files/TEX/texlive/2018/texmf-dist/tex/latex/mdwtools/footnote.sty"
Package: footnote 1997/01/28 1.13 Save footnotes around boxes
\fn@notes=\box73
\fn@width=\dimen287
) ("c:/Program Files/TEX/texlive/2018/texmf-dist/tex/latex/comment/comment.sty"
\CommentStream=\write4
Excluding comment 'comment')
("c:/Program Files/TEX/texlive/2018/texmf-dist/tex/latex/geometry/geometry.sty"
Package: geometry 2018/04/16 v5.8 Page Geometry
("c:/Program Files/TEX/texlive/2018/texmf-dist/tex/generic/oberdiek/ifvtex.sty"
Package: ifvtex 2016/05/16 v1.6 Detect VTeX and its facilities (HO)
Package ifvtex Info: VTeX not detected.
) ("c:/Program Files/TEX/texlive/2018/texmf-dist/tex/generic/ifxetex/ifxetex.st
y"
Package: ifxetex 2010/09/12 v0.6 Provides ifxetex conditional
)
\Gm@cnth=\count317
\Gm@cntv=\count318
\c@Gm@tempcnt=\count319
\Gm@bindingoffset=\dimen288
\Gm@wd@mp=\dimen289
\Gm@odd@mp=\dimen290
\Gm@even@mp=\dimen291
\Gm@layoutwidth=\dimen292
\Gm@layoutheight=\dimen293
\Gm@layouthoffset=\dimen294
\Gm@layoutvoffset=\dimen295
\Gm@dimlist=\toks40
)
("c:/Program Files/TEX/texlive/2018/texmf-dist/tex/latex/hyperref/hyperref.sty"
Package: hyperref 2018/09/30 v6.88a Hypertext links for LaTeX

("c:/Program Files/TEX/texlive/2018/texmf-dist/tex/generic/oberdiek/hobsub-hype
rref.sty"
Package: hobsub-hyperref 2016/05/16 v1.14 Bundle oberdiek, subset hyperref (HO)

("c:/Program Files/TEX/texlive/2018/texmf-dist/tex/generic/oberdiek/hobsub-gene
ric.sty"
Package: hobsub-generic 2016/05/16 v1.14 Bundle oberdiek, subset generic (HO)
Package: hobsub 2016/05/16 v1.14 Construct package bundles (HO)
Package hobsub Info: Skipping package `infwarerr' (already loaded).
Package hobsub Info: Skipping package `ltxcmds' (already loaded).
Package: ifluatex 2016/05/16 v1.4 Provides the ifluatex switch (HO)
Package ifluatex Info: LuaTeX detected.
Package hobsub Info: Skipping package `ifvtex' (already loaded).
Package: intcalc 2016/05/16 v1.2 Expandable calculations with integers (HO)
Package hobsub Info: Skipping package `ifpdf' (already loaded).
Package: etexcmds 2016/05/16 v1.6 Avoid name clashes with e-TeX commands (HO)
Package: kvsetkeys 2016/05/16 v1.17 Key value parser (HO)
Package: kvdefinekeys 2016/05/16 v1.4 Define keys (HO)
Package: luatex-loader 2016/05/16 v0.6 Lua module loader (HO)

(c:/Program Files/TEX/texlive/2018/texmf-dist/scripts/oberdiek/oberdiek.luatex.l
ua)
Package: pdftexcmds 2018/09/10 v0.29 Utility functions of pdfTeX for LuaTeX (HO)

Package pdftexcmds Info: \pdf@primitive is available.
Package pdftexcmds Info: \pdf@ifprimitive is available.
Package pdftexcmds Info: \pdfdraftmode found.
\pdftexcmds@toks=\toks41
Package: pdfescape 2016/05/16 v1.14 Implements pdfTeX's escape features (HO)
Package: bigintcalc 2016/05/16 v1.4 Expandable calculations on big integers (HO)

Package: bitset 2016/05/16 v1.2 Handle bit-vector datatype (HO)
Package: uniquecounter 2016/05/16 v1.3 Provide unlimited unique counter (HO)
)
Package hobsub Info: Skipping package `hobsub' (already loaded).
Package: letltxmacro 2016/05/16 v1.5 Let assignment for LaTeX macros (HO)
Package: hopatch 2016/05/16 v1.3 Wrapper for package hooks (HO)
Package: xcolor-patch 2016/05/16 xcolor patch
Package: atveryend 2016/05/16 v1.9 Hooks at the very end of document (HO)
Package atveryend Info: \enddocument detected (standard20110627).
Package hobsub Info: Skipping package `atbegshi' (already loaded).
Package: refcount 2016/05/16 v3.5 Data extraction from label references (HO)
Package: hycolor 2016/05/16 v1.8 Color options for hyperref/bookmark (HO)
)
("c:/Program Files/TEX/texlive/2018/texmf-dist/tex/latex/oberdiek/auxhook.sty"
Package: auxhook 2016/05/16 v1.4 Hooks for auxiliary files (HO)
) ("c:/Program Files/TEX/texlive/2018/texmf-dist/tex/latex/oberdiek/kvoptions.s
ty"
Package: kvoptions 2016/05/16 v3.12 Key value format for package options (HO)
)
\@linkdim=\dimen296
\Hy@linkcounter=\count320
\Hy@pagecounter=\count321
 ("c:/Program Files/TEX/texlive/2018/texmf-dist/tex/latex/hyperref/pd1enc.def"
File: pd1enc.def 2018/09/30 v6.88a Hyperref: PDFDocEncoding definition (HO)
)
\Hy@SavedSpaceFactor=\count322

("c:/Program Files/TEX/texlive/2018/texmf-dist/tex/latex/latexconfig/hyperref.c
fg"
File: hyperref.cfg 2002/06/06 v1.2 hyperref configuration of TeXLive
)
Package hyperref Info: Hyper figures OFF on input line 4535.
Package hyperref Info: Link nesting OFF on input line 4540.
Package hyperref Info: Hyper index ON on input line 4543.
Package hyperref Info: Plain pages OFF on input line 4550.
Package hyperref Info: Backreferencing OFF on input line 4555.
Package hyperref Info: Implicit mode ON; LaTeX internals redefined.
Package hyperref Info: Bookmarks ON on input line 4788.
\c@Hy@tempcnt=\count323
 ("c:/Program Files/TEX/texlive/2018/texmf-dist/tex/latex/url/url.sty"
\Urlmuskip=\muskip20
Package: url 2013/09/16  ver 3.4  Verb mode for urls, etc.
)
LaTeX Info: Redefining \url on input line 5141.
\XeTeXLinkMargin=\dimen297
\Fld@menulength=\count324
\Field@Width=\dimen298
\Fld@charsize=\dimen299
Package hyperref Info: Hyper figures OFF on input line 6396.
Package hyperref Info: Link nesting OFF on input line 6401.
Package hyperref Info: Hyper index ON on input line 6404.
Package hyperref Info: backreferencing OFF on input line 6411.
Package hyperref Info: Link coloring OFF on input line 6416.
Package hyperref Info: Link coloring with OCG OFF on input line 6421.
Package hyperref Info: PDF/A mode OFF on input line 6426.
LaTeX Info: Redefining \ref on input line 6466.
LaTeX Info: Redefining \pageref on input line 6470.
\Hy@abspage=\count325
\c@Item=\count326
\c@Hfootnote=\count327
)

Package hyperref Warning: Wrong driver `hpdftex.def';
(hyperref)                pdfTeX is running in PDF mode.
(hyperref)                Forcing driver `hluatex.def'.

Package hyperref Info: Driver: hluatex.
("c:/Program Files/TEX/texlive/2018/texmf-dist/tex/latex/hyperref/hluatex.def"
File: hluatex.def 2018/09/30 v6.88a Hyperref driver for luaTeX
\Fld@listcount=\count328
\c@bookmark@seq@number=\count329

("c:/Program Files/TEX/texlive/2018/texmf-dist/tex/latex/oberdiek/rerunfilechec
k.sty"
Package: rerunfilecheck 2016/05/16 v1.8 Rerun checks for auxiliary files (HO)
Package uniquecounter Info: New unique counter `rerunfilecheck' on input line 28
2.
)
\Hy@SectionHShift=\skip69
) ("./Ray Tracing Equations.aux")
\openout1 = Ray Tracing Equations.aux

LaTeX Font Info:    Checking defaults for OML/cmm/m/it on input line 96.
LaTeX Font Info:    ... okay on input line 96.
LaTeX Font Info:    Checking defaults for T1/cmr/m/n on input line 96.
LaTeX Font Info:    ... okay on input line 96.
LaTeX Font Info:    Checking defaults for OT1/cmr/m/n on input line 96.
LaTeX Font Info:    ... okay on input line 96.
LaTeX Font Info:    Checking defaults for OMS/cmsy/m/n on input line 96.
LaTeX Font Info:    ... okay on input line 96.
LaTeX Font Info:    Checking defaults for TU/lmr/m/n on input line 96.
LaTeX Font Info:    ... okay on input line 96.
LaTeX Font Info:    Checking defaults for OMX/cmex/m/n on input line 96.
LaTeX Font Info:    ... okay on input line 96.
LaTeX Font Info:    Checking defaults for U/cmr/m/n on input line 96.
LaTeX Font Info:    ... okay on input line 96.
LaTeX Font Info:    Checking defaults for TS1/cmr/m/n on input line 96.
LaTeX Font Info:    Try loading font information for TS1+cmr on input line 96.

("c:/Program Files/TEX/texlive/2018/texmf-dist/tex/latex/base/ts1cmr.fd"
File: ts1cmr.fd 2014/09/29 v2.5h Standard LaTeX font definitions
)
LaTeX Font Info:    ... okay on input line 96.
LaTeX Font Info:    Checking defaults for LS1/stix/m/n on input line 96.
LaTeX Font Info:    Try loading font information for LS1+stix on input line 96.

("c:/Program Files/TEX/texlive/2018/texmf-dist/tex/latex/stix/ls1stix.fd"
File: ls1stix.fd 2015/04/17 v1.1.2-latex STIX LS1 font definitions
)
LaTeX Font Info:    ... okay on input line 96.
LaTeX Font Info:    Checking defaults for LS2/stix/m/n on input line 96.
LaTeX Font Info:    Try loading font information for LS2+stix on input line 96.

("c:/Program Files/TEX/texlive/2018/texmf-dist/tex/latex/stix/ls2stix.fd"
File: ls2stix.fd 2015/04/17 v1.1.2-latex STIX LS2 font definitions
)
LaTeX Font Info:    ... okay on input line 96.
LaTeX Font Info:    Checking defaults for PD1/pdf/m/n on input line 96.
LaTeX Font Info:    ... okay on input line 96.
LaTeX Font Info:    Try loading font information for T1+stix on input line 96.

("c:/Program Files/TEX/texlive/2018/texmf-dist/tex/latex/stix/t1stix.fd"
File: t1stix.fd 2015/04/17 v1.1.2-latex STIX T1 font definitions
)
\AtBeginShipoutBox=\box74

("c:/Program Files/TEX/texlive/2018/texmf-dist/tex/context/base/mkii/supp-pdf.m
kii"
[Loading MPS to PDF converter (version 2006.09.02).]
\scratchcounter=\count330
\scratchdimen=\dimen300
\scratchbox=\box75
\nofMPsegments=\count331
\nofMParguments=\count332
\everyMPshowfont=\toks42
\MPscratchCnt=\count333
\MPscratchDim=\dimen301
\MPnumerator=\count334
\makeMPintoPDFobject=\count335
\everyMPtoPDFconversion=\toks43
)
("c:/Program Files/TEX/texlive/2018/texmf-dist/tex/latex/oberdiek/epstopdf-base
.sty"
Package: epstopdf-base 2016/05/15 v2.6 Base part for package epstopdf

("c:/Program Files/TEX/texlive/2018/texmf-dist/tex/latex/oberdiek/grfext.sty"
Package: grfext 2016/05/16 v1.2 Manage graphics extensions (HO)
)
Package epstopdf-base Info: Redefining graphics rule for `.eps' on input line 43
8.
Package grfext Info: Graphics extension search list:
(grfext)             [.pdf,.png,.jpg,.mps,.jpeg,.jbig2,.jb2,.PDF,.PNG,.JPG,.JPEG
,.JBIG2,.JB2,.eps]
(grfext)             \AppendGraphicsExtensions on input line 456.

("c:/Program Files/TEX/texlive/2018/texmf-dist/tex/latex/latexconfig/epstopdf-s
ys.cfg"
File: epstopdf-sys.cfg 2010/07/13 v1.3 Configuration of (r)epstopdf for TeX Live

))
("c:/Program Files/TEX/texlive/2018/texmf-dist/tex/latex/oberdiek/pdflscape.sty
"
Package: pdflscape 2016/05/14 v0.11 Display of landscape pages in PDF (HO)
 ("c:/Program Files/TEX/texlive/2018/texmf-dist/tex/latex/graphics/lscape.sty"
Package: lscape 2000/10/22 v3.01 Landscape Pages (DPC)
)
Package pdflscape Info: Auto-detected driver: pdftex on input line 81.
)
\symgns@font=\mathgroup14
LaTeX Font Info:    Overwriting symbol font `gns@font' in version `bold'
(Font)                  TS1/stix/m/n --> TS1/stix/bx/n on input line 96.
Package gensymb Info: Math companion symbols declared on input line 96.
LaTeX Info: Redefining \degree on input line 96.
LaTeX Info: Redefining \celsius on input line 96.
Package gensymb Info: Using text companion symbols for \degree, \celsius and \pe
rthousand on input line 96.
LaTeX Info: Redefining \ohm on input line 96.
Package gensymb Info: Using \textohm for \ohm on input line 96.
Package gensymb Info: Using \textmu for \micro on input line 96.

("c:/Program Files/TEX/texlive/2018/texmf-dist/tex/latex/translator/translator-
basic-dictionary-English.dict"
Dictionary: translator-basic-dictionary, Language: English 
)
("c:/Program Files/TEX/texlive/2018/texmf-dist/tex/latex/siunitx/siunitx-abbrev
iations.cfg"
File: siunitx-abbreviations.cfg 2017/11/26 v2.7k siunitx: Abbreviated units
) ABD: EveryShipout initializing macros
\c@lstlisting=\count336

*geometry* driver: auto-detecting
*geometry* detected driver: luatex
*geometry* verbose mode - [ preamble ] result:
* driver: luatex
* paper: a4paper
* layout: <same size as paper>
* layoutoffset:(h,v)=(0.0pt,0.0pt)
* modes: 
* h-part:(L,W,R)=(56.9055pt, 483.69687pt, 56.9055pt)
* v-part:(T,H,B)=(56.9055pt, 731.23584pt, 56.9055pt)
* \paperwidth=597.50787pt
* \paperheight=845.04684pt
* \textwidth=483.69687pt
* \textheight=731.23584pt
* \oddsidemargin=-15.36449pt
* \evensidemargin=-15.36449pt
* \topmargin=-52.36449pt
* \headheight=12.0pt
* \headsep=25.0pt
* \topskip=11.0pt
* \footskip=30.0pt
* \marginparwidth=50.0pt
* \marginparsep=10.0pt
* \columnsep=10.0pt
* \skip\footins=10.0pt plus 4.0pt minus 2.0pt
* \hoffset=0.0pt
* \voffset=0.0pt
* \mag=1000
* \@twocolumnfalse
* \@twosidefalse
* \@mparswitchfalse
* \@reversemarginfalse
* (1in=72.27pt=25.4mm, 1cm=28.453pt)

Package hyperref Info: Link coloring OFF on input line 96.
("c:/Program Files/TEX/texlive/2018/texmf-dist/tex/latex/hyperref/nameref.sty"
Package: nameref 2016/05/21 v2.44 Cross-referencing by name of section

("c:/Program Files/TEX/texlive/2018/texmf-dist/tex/generic/oberdiek/gettitlestr
ing.sty"
Package: gettitlestring 2016/05/16 v1.5 Cleanup title references (HO)
)
\c@section@level=\count337
)
LaTeX Info: Redefining \ref on input line 96.
LaTeX Info: Redefining \pageref on input line 96.
LaTeX Info: Redefining \nameref on input line 96.
 ("./Ray Tracing Equations.out") ("./Ray Tracing Equations.out")
\@outlinefile=\write5

\openout5 = Ray Tracing Equations.out
LaTeX Font Info:    Try loading font information for LS1+stixscr on input line 9
6.

("c:/Program Files/TEX/texlive/2018/texmf-dist/tex/latex/stix/ls1stixscr.fd"
File: ls1stixscr.fd 2015/04/17 v1.1.2-latex STIX script LS1 font definitions
)
LaTeX Font Info:    Try loading font information for LS2+stixex on input line 96
.

("c:/Program Files/TEX/texlive/2018/texmf-dist/tex/latex/stix/ls2stixex.fd"
File: ls2stixex.fd 2015/04/17 v1.1.2-latex STIX extentions LS2 font definitions
)
LaTeX Font Info:    Try loading font information for U+msa on input line 96.

("c:/Program Files/TEX/texlive/2018/texmf-dist/tex/latex/amsfonts/umsa.fd"
File: umsa.fd 2013/01/14 v3.01 AMS symbols A
)
LaTeX Font Info:    Try loading font information for U+msb on input line 96.

("c:/Program Files/TEX/texlive/2018/texmf-dist/tex/latex/amsfonts/umsb.fd"
File: umsb.fd 2013/01/14 v3.01 AMS symbols B
)
LaTeX Font Info:    Try loading font information for LS1+stixfrak on input line 
96.

("c:/Program Files/TEX/texlive/2018/texmf-dist/tex/latex/stix/ls1stixfrak.fd"
File: ls1stixfrak.fd 2015/04/17 v1.1.2-latex STIX fraktur LS1 font definitions
)
LaTeX Font Info:    Try loading font information for LS1+stixbb on input line 96
.

("c:/Program Files/TEX/texlive/2018/texmf-dist/tex/latex/stix/ls1stixbb.fd"
File: ls1stixbb.fd 2015/04/17 v1.1.2-latex STIX blackboard LS1 font definitions
)
LaTeX Font Info:    Try loading font information for LS2+stixcal on input line 9
6.

("c:/Program Files/TEX/texlive/2018/texmf-dist/tex/latex/stix/ls2stixcal.fd"
File: ls2stixcal.fd 2015/04/17 v1.1.2-latex STIX calligraphic LS2 font definitio
ns
)
LaTeX Font Info:    Try loading font information for LS1+stixsf on input line 96
.

("c:/Program Files/TEX/texlive/2018/texmf-dist/tex/latex/stix/ls1stixsf.fd"
File: ls1stixsf.fd 2015/04/17 v1.1.2-latex STIX sans-serif LS1 font definitions
)
LaTeX Font Info:    Try loading font information for LS2+stixtt on input line 96
.

("c:/Program Files/TEX/texlive/2018/texmf-dist/tex/latex/stix/ls2stixtt.fd"
File: ls2stixtt.fd 2015/04/17 v1.1.2-latex STIX typewriter LS2 font definitions
)
LaTeX Font Info:    Try loading font information for TS1+stix on input line 96.

("c:/Program Files/TEX/texlive/2018/texmf-dist/tex/latex/stix/ts1stix.fd"
File: ts1stix.fd 2015/04/17 v1.1.2-latex STIX TS1 font definitions
)
LaTeX Font Info:    Font shape `T1/stix/bx/n' in size <14.4> not available
(Font)              Font shape `T1/stix/b/n' tried instead on input line 99.

[1

{c:/Program Files/TEX/texlive/2018/texmf-var/fonts/map/pdftex/updmap/pdftex.map}
]
LaTeX Font Info:    Font shape `T1/stix/bx/n' in size <12> not available
(Font)              Font shape `T1/stix/b/n' tried instead on input line 132.
LaTeX Font Info:    Try loading font information for T1+lmtt on input line 143.
 ("c:/Program Files/TEX/texlive/2018/texmf-dist/tex/latex/lm/t1lmtt.fd"
File: t1lmtt.fd 2009/10/30 v1.6 Font defs for Latin Modern
)
warning  (pdf backend): ignoring duplicate destination with the name 'page.1'
[1]
LaTeX Font Info:    Calculating math sizes for size <6.68385> on input line 197.

LaTeX Font Info:    Font shape `T1/stix/bx/n' in size <10.95> not available
(Font)              Font shape `T1/stix/b/n' tried instead on input line 207.
 [2] [3]
<./Images/reflect_refract.jpg, id=115, 674.89641pt x 678.28406pt>
File: ./Images/reflect_refract.jpg Graphic file (type jpg)
<use ./Images/reflect_refract.jpg>
Package luatex.def Info: ./Images/reflect_refract.jpg  used on input line 292.
(luatex.def)             Requested size: 241.84843pt x 243.05394pt.
 [4] [5<./Images/reflect_refract.jpg>] ("./Ray Tracing Equations.bbl" [6]) [7]
Package atveryend Info: Empty hook `BeforeClearDocument' on input line 383.
Package atveryend Info: Empty hook `AfterLastShipout' on input line 383.
 ("./Ray Tracing Equations.aux")
Package atveryend Info: Executing hook `AtVeryEndDocument' on input line 383.
Package atveryend Info: Executing hook `AtEndAfterFileList' on input line 383.
Package rerunfilecheck Info: File `"Ray Tracing Equations".out' has not changed.

(rerunfilecheck)             Checksum: <no file>.
Package atveryend Info: Empty hook `AtVeryVeryEnd' on input line 383.
)

Here is how much of LuaTeX's memory you used:
 35777 strings out of 494407
 100000,953878 words of node,token memory allocated
 1242 words of node memory still in use:
   7 hlist, 2 vlist, 2 rule, 2 glue, 65 kern, 24 sub_mlist, 1 glyph, 82 attribut
e, 66 glue_spec, 82 attribute_list, 1 write nodes
   avail lists: 2:1418,3:154,4:9,5:330,6:30,7:3145,8:136,9:1095,10:6,11:180
 38560 multiletter control sequences out of 65536+600000
 236 fonts using 16493975 bytes
 55i,24n,74p,773b,890s stack positions out of 5000i,500n,10000p,200000b,100000s
{c:/Program Files/TEX/texlive/2018/texmf-dist/fonts/enc/dvips/lm/lm-ec.enc}{c:/P
rogram Files/TEX/texlive/2018/texmf-dist/fonts/enc/dvips/stix/stix-t1.enc}<c:/Pr
ogram Files/TEX/texlive/2018/texmf-dist/fonts/type1/public/stix/STIXGeneral-Bold
.pfb><c:/Program Files/TEX/texlive/2018/texmf-dist/fonts/type1/public/stix/STIXG
eneral-Regular.pfb><c:/Program Files/TEX/texlive/2018/texmf-dist/fonts/type1/pub
lic/lm/lmtt10.pfb><c:/Program Files/TEX/texlive/2018/texmf-dist/fonts/type1/publ
ic/stix/stix-mathbb.pfb><c:/Program Files/TEX/texlive/2018/texmf-dist/fonts/type
1/public/stix/stix-mathcal.pfb><c:/Program Files/TEX/texlive/2018/texmf-dist/fon
ts/type1/public/stix/stix-mathex.pfb><c:/Program Files/TEX/texlive/2018/texmf-di
st/fonts/type1/public/stix/stix-mathit.pfb><c:/Program Files/TEX/texlive/2018/te
xmf-dist/fonts/type1/public/stix/stix-mathrm.pfb><c:/Program Files/TEX/texlive/2
018/texmf-dist/fonts/type1/public/stix/stix-mathscr.pfb><c:/Program Files/TEX/te
xlive/2018/texmf-dist/fonts/type1/public/stix/stix-mathsf.pfb>
Output written on Ray Tracing Equations.pdf (8 pages, 365873 bytes).

PDF statistics: 215 PDF objects out of 1000 (max. 8388607)
 191 compressed objects within 2 object streams
 85 named destinations out of 1000 (max. 131072)
 128 words of extra memory for PDF output out of 10000 (max. 100000000)

